a-chahan.adb
a-strbou.adb
a-strfix.adb
a-strmap.adb
a-strsea.adb
a-strsup.adb
g-io.adb
i-c.adb
s-arit32.adb
s-arit64.adb
s-casuti.adb
s-exnint.adb
s-exnlli.adb
s-exnllli.ads
s-expint.adb
s-explli.adb
s-expllli.ads
s-explllu.ads
s-expllu.adb
s-expmod.adb
s-expuns.adb
s-gearop.adb
s-imgboo.adb
s-imgint.adb
s-imglli.adb
s-imgllli.ads
s-imglllu.ads
s-imgllu.adb
s-imguns.adb
s-valboo.adb
s-valint.adb
s-vallli.adb
s-valllli.ads
s-vallllu.ads
s-valllu.adb
s-valuns.adb
s-valuti.adb
s-veboop.adb
s-widint.ads
s-widlli.adb
s-widllli.ads
s-widlllu.ads
s-widllu.adb
s-widuns.ads
